2015-Sep-04 14:19:33 Наличие необходимых модулей php (check_php_modules): Ok
Все необходимые модули установлены
2015-Sep-04 14:19:33 Обязательные параметры PHP (check_php_settings): Ok
Настройки правильные
2015-Sep-04 14:19:33 Модули веб-сервера (check_security): Ok
Конфликтов не выявлено
2015-Sep-04 14:19:33 Значения переменных сервера (check_server_vars): Ok
Корректные
2015-Sep-04 14:19:33 Сохранение сессии (check_session): Ok
50% done
2015-Sep-04 14:19:33 Сохранение сессии (check_session): Ok
Успешно
2015-Sep-04 14:19:33 Параметры настройки UTF (mbstring и константа BX_UTF) (check_mbstring): Ok
Правильные. Сайт работает в UTF кодировке
2015-Sep-04 14:19:33 Работа с сокетами (check_socket): Ok
Connection to 14147.b2120.dhpage.net:80	Success

Успешно
2015-Sep-04 14:19:33 Параметры подключения к базе данных (check_dbconn_settings): Ok
Успешно
2015-Sep-04 14:19:33 Лишний вывод в файлах конфигурации (check_dbconn): Ok
Connection to 14147.b2120.dhpage.net:80	Success

Успешно
2015-Sep-04 14:19:33 Выполнение агентов на cron (check_bx_crontab): Warning
Замечание. Агенты выполняются на хитах, рекомендуется перевести выполнение агентов на cron
2015-Sep-04 14:19:33 Сохранение сессии без UserAgent (check_session_ua): Ok
50% done
Connection to 14147.b2120.dhpage.net:80	Success

2015-Sep-04 14:19:33 Сохранение сессии без UserAgent (check_session_ua): Ok
Connection to 14147.b2120.dhpage.net:80	Success

Успешно
2015-Sep-04 14:19:33 Настройки сайтов (check_sites): Ok
Правильные
2015-Sep-04 14:19:33 Служебные скрипты в корне сайта (check_install_scripts): Ok
Отсутствуют
2015-Sep-04 14:19:33 Передача объектов по ссылке (check_clone): Ok
Успешно
2015-Sep-04 14:19:33 Размер стека и pcre.recursion_limit (check_pcre_recursion): Ok
Connection to 14147.b2120.dhpage.net:80	Success

Успешно
2015-Sep-04 14:19:33 Вызов method_exists на строке (check_method_exists): Ok
Connection to 14147.b2120.dhpage.net:80	Success

Успешно
2015-Sep-04 14:19:34 Загрузка файла (check_upload): Ok
Connection to 14147.b2120.dhpage.net:80	Success

Успешно
2015-Sep-04 14:19:34 Загрузка файла больше 4Мб (check_upload_big): Ok
Connection to 14147.b2120.dhpage.net:80	Success

Успешно
2015-Sep-04 14:19:34 Загрузка файла через php://input (check_upload_raw): Ok
Connection to 14147.b2120.dhpage.net:80	Success

Успешно
2015-Sep-04 14:19:34 Передача POST запроса с большим числом параметров (check_post): Ok
Connection to 14147.b2120.dhpage.net:80	Success

Успешно
2015-Sep-04 14:19:34 Отправка почты (check_mail): Ok
Успешно
2015-Sep-04 14:19:34 Отправка почтового сообщения больше 64Кб (check_mail_big): Ok
Успешно
2015-Sep-04 14:19:34 Проверка на наличие неотправленных сообщений (check_mail_b_event): Ok
Успешно
2015-Sep-04 14:19:34 Внутреннее перенаправление (функция LocalRedirect) (check_localredirect): Ok
50% done
Connection to 14147.b2120.dhpage.net:80	Success

2015-Sep-04 14:19:34 Внутреннее перенаправление (функция LocalRedirect) (check_localredirect): Ok
Connection to 14147.b2120.dhpage.net:80	Success

Успешно
2015-Sep-04 14:19:34 Фактическое ограничение памяти (check_memory_limit): Ok
20% done
Connection to 14147.b2120.dhpage.net:80	Success

2015-Sep-04 14:19:34 Фактическое ограничение памяти (check_memory_limit): Ok
40% done
Connection to 14147.b2120.dhpage.net:80	Success

2015-Sep-04 14:19:34 Фактическое ограничение памяти (check_memory_limit): Ok
60% done
Connection to 14147.b2120.dhpage.net:80	Success

2015-Sep-04 14:19:34 Фактическое ограничение памяти (check_memory_limit): Ok
80% done
Connection to 14147.b2120.dhpage.net:80	Success

2015-Sep-04 14:19:35 Фактическое ограничение памяти (check_memory_limit): Ok
Connection to 14147.b2120.dhpage.net:80	Success

Не менее 256 М
2015-Sep-04 14:19:35 Работа с файлами кеша (check_cache): Ok
Успешно
2015-Sep-04 14:19:35 Доступ к серверу обновлений (check_update): Ok
Успешно
2015-Sep-04 14:19:35 HTTP авторизация (check_http_auth): Ok
Connection to 14147.b2120.dhpage.net:80	Success

Успешно
2015-Sep-04 14:19:35 Создание и запуск файла (check_exec): Ok
Connection to 14147.b2120.dhpage.net:80	Success

Успешно
2015-Sep-04 14:19:35 Функция getimagesize для swf (check_getimagesize): Ok
Успешно
2015-Sep-04 14:19:35 Версия MySQL-сервера (check_mysql_bug_version): Ok
Успешно
2015-Sep-04 14:19:36 Время на БД и веб-сервере (check_mysql_time): Ok
Успешно
2015-Sep-04 14:19:36 Режим работы MySQL (check_mysql_mode): Ok
Успешно
2015-Sep-04 14:19:36 Кодировка соединения (check_mysql_connection_charset): Ok
character_set_connection=utf8, collation_connection=utf8_unicode_ci, character_set_results=utf8
Успешно
2015-Sep-04 14:19:36 Кодировка базы данных (check_mysql_db_charset): Ok
CHARSET=utf8, COLLATION=utf8_unicode_ci
Успешно
2015-Sep-04 14:19:37 Кодировки таблиц в БД (check_mysql_table_charset): Ok
Успешно
2015-Sep-04 14:19:37 Структура базы данных (check_mysql_table_structure): Ok
0% done
2015-Sep-04 14:19:38 Структура базы данных (check_mysql_table_structure): Ok
7% done
2015-Sep-04 14:19:38 Структура базы данных (check_mysql_table_structure): Ok
15% done
2015-Sep-04 14:19:38 Структура базы данных (check_mysql_table_structure): Ok
23% done
2015-Sep-04 14:19:40 Структура базы данных (check_mysql_table_structure): Ok
30% done
2015-Sep-04 14:19:40 Структура базы данных (check_mysql_table_structure): Ok
38% done
2015-Sep-04 14:19:41 Структура базы данных (check_mysql_table_structure): Ok
46% done
2015-Sep-04 14:19:41 Структура базы данных (check_mysql_table_structure): Ok
53% done
2015-Sep-04 14:19:41 Структура базы данных (check_mysql_table_structure): Ok
61% done
2015-Sep-04 14:19:42 Структура базы данных (check_mysql_table_structure): Ok
69% done
2015-Sep-04 14:19:42 Структура базы данных (check_mysql_table_structure): Ok
76% done
2015-Sep-04 14:19:42 Структура базы данных (check_mysql_table_structure): Ok
84% done
2015-Sep-04 14:19:42 Структура базы данных (check_mysql_table_structure): Ok
92% done
2015-Sep-04 14:19:42 Структура базы данных (check_mysql_table_structure): Ok
Успешно
